nohup: ignoring input
2025-11-16 20:02:08,687 - __main__ - INFO - ✅ БОТ УСПЕШНО ЗАПУЩЕН! 📱
2025-11-16 20:02:08,688 - __main__ - INFO - КОМАНДЫ: /start
2025-11-16 20:02:08,719 - httpx - INFO - HTTP Request: POST https://api.telegram.org/bot8281147294:AAEzOek15AiCN0ayZ79KAJjHYlScO-u5NhU/getMe "HTTP/1.1 200 OK"
2025-11-16 20:02:08,723 - httpx - INFO - HTTP Request: POST https://api.telegram.org/bot8281147294:AAEzOek15AiCN0ayZ79KAJjHYlScO-u5NhU/deleteWebhook "HTTP/1.1 200 OK"
2025-11-16 20:02:08,724 - apscheduler.scheduler - INFO - Scheduler started
2025-11-16 20:02:08,725 - telegram.ext.Application - INFO - Application started
2025-11-16 20:02:18,743 - httpx - INFO - HTTP Request: POST https://api.telegram.org/bot8281147294:AAEzOek15AiCN0ayZ79KAJjHYlScO-u5NhU/getUpdates "HTTP/1.1 200 OK"
2025-11-16 20:02:23,518 - httpx - INFO - HTTP Request: POST https://api.telegram.org/bot8281147294:AAEzOek15AiCN0ayZ79KAJjHYlScO-u5NhU/getUpdates "HTTP/1.1 200 OK"
2025-11-16 20:02:23,553 - httpx - INFO - HTTP Request: POST https://api.telegram.org/bot8281147294:AAEzOek15AiCN0ayZ79KAJjHYlScO-u5NhU/sendMessage "HTTP/1.1 200 OK"
2025-11-16 20:02:33,524 - httpx - INFO - HTTP Request: POST https://api.telegram.org/bot8281147294:AAEzOek15AiCN0ayZ79KAJjHYlScO-u5NhU/getUpdates "HTTP/1.1 200 OK"
2025-11-16 20:02:43,124 - httpx - INFO - HTTP Request: POST https://api.telegram.org/bot8281147294:AAEzOek15AiCN0ayZ79KAJjHYlScO-u5NhU/getUpdates "HTTP/1.1 200 OK"
2025-11-16 20:02:43,223 - httpx - INFO - HTTP Request: POST https://api.telegram.org/bot8281147294:AAEzOek15AiCN0ayZ79KAJjHYlScO-u5NhU/answerCallbackQuery "HTTP/1.1 200 OK"
2025-11-16 20:02:43,314 - httpx - INFO - HTTP Request: POST https://api.telegram.org/bot8281147294:AAEzOek15AiCN0ayZ79KAJjHYlScO-u5NhU/editMessageText "HTTP/1.1 200 OK"
2025-11-16 20:02:46,971 - httpx - INFO - HTTP Request: POST https://api.telegram.org/bot8281147294:AAEzOek15AiCN0ayZ79KAJjHYlScO-u5NhU/getUpdates "HTTP/1.1 200 OK"
2025-11-16 20:02:46,982 - httpx - INFO - HTTP Request: POST https://api.telegram.org/bot8281147294:AAEzOek15AiCN0ayZ79KAJjHYlScO-u5NhU/answerCallbackQuery "HTTP/1.1 200 OK"
2025-11-16 20:02:47,000 - httpx - INFO - HTTP Request: POST https://api.telegram.org/bot8281147294:AAEzOek15AiCN0ayZ79KAJjHYlScO-u5NhU/editMessageText "HTTP/1.1 200 OK"
2025-11-16 20:02:48,636 - httpx - INFO - HTTP Request: POST https://api.telegram.org/bot8281147294:AAEzOek15AiCN0ayZ79KAJjHYlScO-u5NhU/getUpdates "HTTP/1.1 200 OK"
2025-11-16 20:02:48,647 - httpx - INFO - HTTP Request: POST https://api.telegram.org/bot8281147294:AAEzOek15AiCN0ayZ79KAJjHYlScO-u5NhU/answerCallbackQuery "HTTP/1.1 200 OK"
2025-11-16 20:02:48,677 - httpx - INFO - HTTP Request: POST https://api.telegram.org/bot8281147294:AAEzOek15AiCN0ayZ79KAJjHYlScO-u5NhU/editMessageText "HTTP/1.1 200 OK"
2025-11-16 20:02:50,006 - httpx - INFO - HTTP Request: POST https://api.telegram.org/bot8281147294:AAEzOek15AiCN0ayZ79KAJjHYlScO-u5NhU/getUpdates "HTTP/1.1 200 OK"
2025-11-16 20:02:50,079 - httpx - INFO - HTTP Request: POST https://api.telegram.org/bot8281147294:AAEzOek15AiCN0ayZ79KAJjHYlScO-u5NhU/answerCallbackQuery "HTTP/1.1 200 OK"
2025-11-16 20:02:50,152 - httpx - INFO - HTTP Request: POST https://api.telegram.org/bot8281147294:AAEzOek15AiCN0ayZ79KAJjHYlScO-u5NhU/editMessageText "HTTP/1.1 200 OK"
2025-11-16 20:02:52,579 - httpx - INFO - HTTP Request: POST https://api.telegram.org/bot8281147294:AAEzOek15AiCN0ayZ79KAJjHYlScO-u5NhU/getUpdates "HTTP/1.1 200 OK"
2025-11-16 20:02:52,712 - httpx - INFO - HTTP Request: POST https://api.telegram.org/bot8281147294:AAEzOek15AiCN0ayZ79KAJjHYlScO-u5NhU/answerCallbackQuery "HTTP/1.1 200 OK"
2025-11-16 20:02:52,824 - httpx - INFO - HTTP Request: POST https://api.telegram.org/bot8281147294:AAEzOek15AiCN0ayZ79KAJjHYlScO-u5NhU/editMessageText "HTTP/1.1 200 OK"
2025-11-16 20:02:54,976 - httpx - INFO - HTTP Request: POST https://api.telegram.org/bot8281147294:AAEzOek15AiCN0ayZ79KAJjHYlScO-u5NhU/getUpdates "HTTP/1.1 200 OK"
2025-11-16 20:02:54,987 - httpx - INFO - HTTP Request: POST https://api.telegram.org/bot8281147294:AAEzOek15AiCN0ayZ79KAJjHYlScO-u5NhU/answerCallbackQuery "HTTP/1.1 200 OK"
2025-11-16 20:02:55,024 - httpx - INFO - HTTP Request: POST https://api.telegram.org/bot8281147294:AAEzOek15AiCN0ayZ79KAJjHYlScO-u5NhU/editMessageText "HTTP/1.1 200 OK"
2025-11-16 20:02:57,205 - httpx - INFO - HTTP Request: POST https://api.telegram.org/bot8281147294:AAEzOek15AiCN0ayZ79KAJjHYlScO-u5NhU/getUpdates "HTTP/1.1 200 OK"
2025-11-16 20:02:57,233 - httpx - INFO - HTTP Request: POST https://api.telegram.org/bot8281147294:AAEzOek15AiCN0ayZ79KAJjHYlScO-u5NhU/answerCallbackQuery "HTTP/1.1 200 OK"
2025-11-16 20:02:57,343 - httpx - INFO - HTTP Request: POST https://api.telegram.org/bot8281147294:AAEzOek15AiCN0ayZ79KAJjHYlScO-u5NhU/sendMessage "HTTP/1.1 200 OK"
2025-11-16 20:02:57,398 - httpx - INFO - HTTP Request: POST https://api.telegram.org/bot8281147294:AAEzOek15AiCN0ayZ79KAJjHYlScO-u5NhU/editMessageText "HTTP/1.1 200 OK"
2025-11-16 20:03:07,215 - httpx - INFO - HTTP Request: POST https://api.telegram.org/bot8281147294:AAEzOek15AiCN0ayZ79KAJjHYlScO-u5NhU/getUpdates "HTTP/1.1 200 OK"
2025-11-16 20:03:17,221 - httpx - INFO - HTTP Request: POST https://api.telegram.org/bot8281147294:AAEzOek15AiCN0ayZ79KAJjHYlScO-u5NhU/getUpdates "HTTP/1.1 200 OK"
2025-11-16 20:03:27,232 - httpx - INFO - HTTP Request: POST https://api.telegram.org/bot8281147294:AAEzOek15AiCN0ayZ79KAJjHYlScO-u5NhU/getUpdates "HTTP/1.1 200 OK"
2025-11-16 20:03:37,237 - httpx - INFO - HTTP Request: POST https://api.telegram.org/bot8281147294:AAEzOek15AiCN0ayZ79KAJjHYlScO-u5NhU/getUpdates "HTTP/1.1 200 OK"
2025-11-16 20:03:47,245 - httpx - INFO - HTTP Request: POST https://api.telegram.org/bot8281147294:AAEzOek15AiCN0ayZ79KAJjHYlScO-u5NhU/getUpdates "HTTP/1.1 200 OK"
